<?xml version="1.0"?>
<!DOCTYPE coverage SYSTEM "http://cobertura.sourceforge.net/xml/coverage-04.dtd">
<coverage 
line-rate="1.00" lines-valid="19" lines-covered="19" branches-valid="4" branches-covered="4" branch-rate="1.00" complexity="0" version="1.0" timestamp="1548770766515">
    <sources>
        <source>--source</source>
        <source>/Users/ymatsuhashi/scalatest_study/src/main/scala</source>
    </sources>
    <packages>
        <package name="&lt;empty&gt;" line-rate="1.00" branch-rate="1.00" complexity="0">
            <classes>
                <class name="Calc" filename="Calc.scala" line-rate="1.00" branch-rate="1.00" complexity="0">
                    <methods>
                        <method name="&lt;empty&gt;/Calc/isPrime" signature="()V" line-rate="1.00" branch-rate="1.00" complexity="0">
                            <lines>
                                <line number="21" hits="1" branch="false"/>
                                <line number="21" hits="1" branch="false"/>
                                <line number="21" hits="1" branch="false"/>
                                <line number="21" hits="1" branch="false"/>
                                <line number="21" hits="1" branch="false"/>
                                <line number="21" hits="1" branch="false"/>
                                <line number="21" hits="1" branch="false"/>
                                <line number="21" hits="1" branch="false"/>
                                <line number="21" hits="1" branch="false"/>
                            </lines>
                        </method>
                        <method name="&lt;empty&gt;/Calc/sum" signature="()V" line-rate="1.00" branch-rate="1.00" complexity="0">
                            <lines>
                                <line number="8" hits="1" branch="false"/>
                                <line number="8" hits="1" branch="false"/>
                                <line number="8" hits="1" branch="false"/>
                            </lines>
                        </method>
                        <method name="&lt;empty&gt;/Calc/div" signature="()V" line-rate="1.00" branch-rate="1.00" complexity="0">
                            <lines>
                                <line number="16" hits="1" branch="false"/>
                                <line number="16" hits="1" branch="false"/>
                                <line number="16" hits="1" branch="false"/>
                                <line number="16" hits="1" branch="false"/>
                                <line number="17" hits="1" branch="false"/>
                                <line number="17" hits="1" branch="false"/>
                                <line number="16" hits="1" branch="false"/>
                            </lines>
                        </method>
                    </methods>
                    <lines>
                        <line number="21" hits="1" branch="false"/>
                        <line number="16" hits="1" branch="false"/>
                        <line number="21" hits="1" branch="false"/>
                        <line number="8" hits="1" branch="false"/>
                        <line number="16" hits="1" branch="false"/>
                        <line number="21" hits="1" branch="false"/>
                        <line number="16" hits="1" branch="false"/>
                        <line number="21" hits="1" branch="false"/>
                        <line number="21" hits="1" branch="false"/>
                        <line number="16" hits="1" branch="false"/>
                        <line number="8" hits="1" branch="false"/>
                        <line number="17" hits="1" branch="false"/>
                        <line number="21" hits="1" branch="false"/>
                        <line number="17" hits="1" branch="false"/>
                        <line number="21" hits="1" branch="false"/>
                        <line number="21" hits="1" branch="false"/>
                        <line number="8" hits="1" branch="false"/>
                        <line number="16" hits="1" branch="false"/>
                        <line number="21" hits="1" branch="false"/>
                    </lines>
                </class>
            </classes>
        </package>
    </packages>
</coverage>
